#
# There is insufficient memory for the Java Runtime Environment to continue.
# Native memory allocation (malloc) failed to allocate 1024896 bytes for Chunk::new
# Possible reasons:
#   The system is out of physical RAM or swap space
#   The process is running with CompressedOops enabled, and the Java Heap may be blocking the growth of the native heap
# Possible solutions:
#   Reduce memory load on the system
#   Increase physical memory or swap space
#   Check if swap backing store is full
#   Decrease Java heap size (-Xmx/-Xms)
#   Decrease number of Java threads
#   Decrease Java thread stack sizes (-Xss)
#   Set larger code cache with -XX:ReservedCodeCacheSize=
#   JVM is running with Unscaled Compressed Oops mode in which the Java heap is
#     placed in the first 4GB address space. The Java Heap base address is the
#     maximum limit for the native heap growth. Please use -XX:HeapBaseMinAddress
#     to set the Java Heap base and to place the Java Heap above 4GB virtual address.
# This output file may be truncated or incomplete.
#
#  Out of Memory Error (allocation.cpp:389), pid=6456, tid=0x0000000000003ba8
#
# JRE version: Java(TM) SE Runtime Environment (8.0_231-b11) (build 1.8.0_231-b11)
# Java VM: Java HotSpot(TM) 64-Bit Server VM (25.231-b11 mixed mode windows-amd64 compressed oops)
# Failed to write core dump. Minidumps are not enabled by default on client versions of Windows
#

---------------  T H R E A D  ---------------

Current thread (0x000000001a0b5800):  JavaThread "C2 CompilerThread1" daemon [_thread_in_native, id=15272, stack(0x000000001aa80000,0x000000001ab80000)]

Stack: [0x000000001aa80000,0x000000001ab80000]
[error occurred during error reporting (printing stack bounds), id 0xc0000005]

Native frames: (J=compiled Java code, j=interpreted, Vv=VM code, C=native code)


Current CompileTask:
C2:  62246 16736       4       com.android.tools.r8.ir.conversion.o::a (1153 bytes)


---------------  P R O C E S S  ---------------

Java Threads: ( => current thread )
  0x000000001d31a000 JavaThread "stdout" [_thread_in_native, id=15408, stack(0x000000002fc90000,0x000000002fd90000)]
  0x000000001d313800 JavaThread "stderr" [_thread_in_native, id=15424, stack(0x000000002fb90000,0x000000002fc90000)]
  0x000000001d319000 JavaThread "pool-2-thread-1" [_thread_blocked, id=15420, stack(0x000000002fa90000,0x000000002fb90000)]
  0x000000001d315000 JavaThread "WorkerExecutor Queue Thread 2" [_thread_blocked, id=15416, stack(0x000000002f990000,0x000000002fa90000)]
  0x000000001d318800 JavaThread "Cache worker for execution history cache (E:\T3H\Music\.gradle\7.2\executionHistory)" [_thread_blocked, id=16372, stack(0x000000002df20000,0x000000002e020000)]
  0x000000001d317800 JavaThread "Execution worker for ':' Thread 7" [_thread_blocked, id=16368, stack(0x000000002de20000,0x000000002df20000)]
  0x000000001b43d000 JavaThread "Execution worker for ':' Thread 6" [_thread_blocked, id=16364, stack(0x000000002dd20000,0x000000002de20000)]
  0x000000001b43a000 JavaThread "Execution worker for ':' Thread 5" [_thread_blocked, id=16360, stack(0x000000002dc20000,0x000000002dd20000)]
  0x000000001b43c000 JavaThread "Execution worker for ':' Thread 4" [_thread_blocked, id=16356, stack(0x000000002db20000,0x000000002dc20000)]
  0x000000001b43a800 JavaThread "Execution worker for ':' Thread 3" [_thread_blocked, id=16352, stack(0x000000002da20000,0x000000002db20000)]
  0x000000001b439000 JavaThread "Execution worker for ':' Thread 2" [_thread_blocked, id=16348, stack(0x000000002d690000,0x000000002d790000)]
  0x000000001b43b800 JavaThread "Execution worker for ':'" [_thread_blocked, id=16344, stack(0x000000002c520000,0x000000002c620000)]
  0x000000001b432800 JavaThread "Memory manager" [_thread_blocked, id=15796, stack(0x000000002a350000,0x000000002a450000)]
  0x000000001b437000 JavaThread "pool-1-thread-1" [_thread_blocked, id=15764, stack(0x0000000029e50000,0x0000000029f50000)]
  0x000000001b42f800 JavaThread "jar transforms Thread 8" [_thread_blocked, id=15476, stack(0x0000000029950000,0x0000000029a50000)]
  0x000000001b436000 JavaThread "jar transforms Thread 7" [_thread_blocked, id=15472, stack(0x0000000029850000,0x0000000029950000)]
  0x000000001b42e800 JavaThread "jar transforms Thread 6" [_thread_blocked, id=15468, stack(0x0000000029750000,0x0000000029850000)]
  0x000000001b435800 JavaThread "jar transforms Thread 5" [_thread_blocked, id=15464, stack(0x0000000029650000,0x0000000029750000)]
  0x000000001b430000 JavaThread "jar transforms Thread 4" [_thread_blocked, id=15460, stack(0x0000000029550000,0x0000000029650000)]
  0x000000001b42e000 JavaThread "Unconstrained build operations Thread 80" [_thread_blocked, id=15156, stack(0x0000000029450000,0x0000000029550000)]
  0x000000001b434800 JavaThread "Unconstrained build operations Thread 79" [_thread_in_Java, id=14980, stack(0x0000000029350000,0x0000000029450000)]
  0x000000001b431800 JavaThread "Unconstrained build operations Thread 78" [_thread_blocked, id=10588, stack(0x0000000029250000,0x0000000029350000)]
  0x000000001b434000 JavaThread "Unconstrained build operations Thread 77" [_thread_blocked, id=12516, stack(0x0000000029150000,0x0000000029250000)]
  0x000000001b433000 JavaThread "Unconstrained build operations Thread 76" [_thread_blocked, id=15292, stack(0x0000000029050000,0x0000000029150000)]
  0x000000001d0b5800 JavaThread "Unconstrained build operations Thread 75" [_thread_blocked, id=13168, stack(0x0000000028f50000,0x0000000029050000)]
  0x000000001d0b5000 JavaThread "Unconstrained build operations Thread 74" [_thread_in_Java, id=8360, stack(0x0000000028e50000,0x0000000028f50000)]
  0x000000001d0b1000 JavaThread "Unconstrained build operations Thread 73" [_thread_blocked, id=14528, stack(0x0000000028d50000,0x0000000028e50000)]
  0x000000001d0b6800 JavaThread "Unconstrained build operations Thread 72" [_thread_blocked, id=15100, stack(0x0000000028c50000,0x0000000028d50000)]
  0x000000001d0b2800 JavaThread "Unconstrained build operations Thread 71" [_thread_blocked, id=652, stack(0x0000000028b50000,0x0000000028c50000)]
  0x000000001d0b4000 JavaThread "Unconstrained build operations Thread 70" [_thread_blocked, id=3292, stack(0x0000000028a50000,0x0000000028b50000)]
  0x000000001d0b8000 JavaThread "Unconstrained build operations Thread 69" [_thread_blocked, id=15284, stack(0x0000000028950000,0x0000000028a50000)]
  0x000000001d0b7000 JavaThread "Unconstrained build operations Thread 68" [_thread_blocked, id=8008, stack(0x0000000028850000,0x0000000028950000)]
  0x000000001d0b2000 JavaThread "Unconstrained build operations Thread 67" [_thread_blocked, id=3076, stack(0x0000000028750000,0x0000000028850000)]
  0x000000001d0b3800 JavaThread "Unconstrained build operations Thread 66" [_thread_blocked, id=15340, stack(0x0000000028650000,0x0000000028750000)]
  0x000000001d0a9800 JavaThread "Unconstrained build operations Thread 65" [_thread_blocked, id=14428, stack(0x0000000028550000,0x0000000028650000)]
  0x000000001d0b0800 JavaThread "Unconstrained build operations Thread 64" [_thread_blocked, id=14000, stack(0x0000000028450000,0x0000000028550000)]
  0x000000001d0a9000 JavaThread "Unconstrained build operations Thread 63" [_thread_blocked, id=14364, stack(0x0000000028350000,0x0000000028450000)]
  0x000000001d0af800 JavaThread "Unconstrained build operations Thread 62" [_thread_blocked, id=6808, stack(0x0000000028250000,0x0000000028350000)]
  0x000000001d0ae000 JavaThread "Unconstrained build operations Thread 61" [_thread_blocked, id=8640, stack(0x0000000028150000,0x0000000028250000)]
  0x000000001d0ac800 JavaThread "Unconstrained build operations Thread 60" [_thread_blocked, id=13812, stack(0x0000000028050000,0x0000000028150000)]
  0x000000001d0ac000 JavaThread "Unconstrained build operations Thread 59" [_thread_blocked, id=15164, stack(0x0000000027f50000,0x0000000028050000)]
  0x000000001d0af000 JavaThread "Unconstrained build operations Thread 58" [_thread_blocked, id=7700, stack(0x0000000027e50000,0x0000000027f50000)]
  0x000000001d0ab000 JavaThread "Unconstrained build operations Thread 57" [_thread_blocked, id=14392, stack(0x0000000027d50000,0x0000000027e50000)]
  0x000000001d0aa800 JavaThread "Unconstrained build operations Thread 56" [_thread_blocked, id=12552, stack(0x0000000027c50000,0x0000000027d50000)]
  0x000000001d0ad800 JavaThread "Unconstrained build operations Thread 55" [_thread_blocked, id=1700, stack(0x0000000027b50000,0x0000000027c50000)]
  0x000000001d790000 JavaThread "Unconstrained build operations Thread 54" [_thread_blocked, id=3208, stack(0x0000000027a50000,0x0000000027b50000)]
  0x000000001d78d000 JavaThread "Unconstrained build operations Thread 53" [_thread_blocked, id=15276, stack(0x0000000027950000,0x0000000027a50000)]
  0x000000001d78e000 JavaThread "Unconstrained build operations Thread 52" [_thread_blocked, id=11428, stack(0x0000000027850000,0x0000000027950000)]
  0x000000001d78b800 JavaThread "Unconstrained build operations Thread 51" [_thread_blocked, id=11868, stack(0x0000000027750000,0x0000000027850000)]
  0x000000001d791000 JavaThread "Unconstrained build operations Thread 50" [_thread_blocked, id=10788, stack(0x0000000027650000,0x0000000027750000)]
  0x000000001d791800 JavaThread "Unconstrained build operations Thread 49" [_thread_blocked, id=14548, stack(0x0000000027550000,0x0000000027650000)]
  0x000000001d78e800 JavaThread "Unconstrained build operations Thread 48" [_thread_blocked, id=2196, stack(0x0000000027450000,0x0000000027550000)]
  0x000000001d78c800 JavaThread "Unconstrained build operations Thread 47" [_thread_blocked, id=4760, stack(0x0000000027350000,0x0000000027450000)]
  0x000000001d78f800 JavaThread "Unconstrained build operations Thread 46" [_thread_blocked, id=11456, stack(0x0000000027250000,0x0000000027350000)]
  0x000000001d792800 JavaThread "Unconstrained build operations Thread 45" [_thread_blocked, id=13420, stack(0x0000000027150000,0x0000000027250000)]
  0x000000001d785800 JavaThread "Unconstrained build operations Thread 44" [_thread_blocked, id=15096, stack(0x0000000027050000,0x0000000027150000)]
  0x000000001d784000 JavaThread "Unconstrained build operations Thread 43" [_thread_blocked, id=14504, stack(0x0000000026f50000,0x0000000027050000)]
  0x000000001d78b000 JavaThread "Unconstrained build operations Thread 42" [_thread_blocked, id=13564, stack(0x0000000026e50000,0x0000000026f50000)]
  0x000000001d783800 JavaThread "Unconstrained build operations Thread 41" [_thread_blocked, id=14972, stack(0x0000000026d50000,0x0000000026e50000)]
  0x000000001d788000 JavaThread "Unconstrained build operations Thread 40" [_thread_blocked, id=1712, stack(0x0000000026c50000,0x0000000026d50000)]
  0x000000001d787000 JavaThread "Unconstrained build operations Thread 39" [_thread_blocked, id=8460, stack(0x0000000026b50000,0x0000000026c50000)]
  0x000000001d78a000 JavaThread "Unconstrained build operations Thread 38" [_thread_blocked, id=5868, stack(0x0000000026a50000,0x0000000026b50000)]
  0x000000001d789800 JavaThread "Unconstrained build operations Thread 37" [_thread_blocked, id=4988, stack(0x0000000026950000,0x0000000026a50000)]
  0x000000001d786800 JavaThread "Unconstrained build operations Thread 36" [_thread_blocked, id=12760, stack(0x0000000026850000,0x0000000026950000)]
  0x000000001d785000 JavaThread "Unconstrained build operations Thread 35" [_thread_blocked, id=11932, stack(0x0000000026750000,0x0000000026850000)]
  0x000000001d788800 JavaThread "Unconstrained build operations Thread 34" [_thread_blocked, id=14744, stack(0x0000000026650000,0x0000000026750000)]
  0x000000001bb54000 JavaThread "Unconstrained build operations Thread 33" [_thread_blocked, id=4200, stack(0x0000000026550000,0x0000000026650000)]
  0x000000001bb56000 JavaThread "Unconstrained build operations Thread 32" [_thread_blocked, id=4072, stack(0x0000000026450000,0x0000000026550000)]
  0x000000001bb53000 JavaThread "Unconstrained build operations Thread 31" [_thread_blocked, id=768, stack(0x0000000026350000,0x0000000026450000)]
  0x000000001bb52800 JavaThread "Unconstrained build operations Thread 30" [_thread_blocked, id=8676, stack(0x0000000026250000,0x0000000026350000)]
  0x000000001bb51800 JavaThread "Unconstrained build operations Thread 29" [_thread_blocked, id=10032, stack(0x0000000026150000,0x0000000026250000)]
  0x000000001bb55800 JavaThread "Unconstrained build operations Thread 28" [_thread_in_Java, id=9408, stack(0x0000000026050000,0x0000000026150000)]
  0x000000001bb54800 JavaThread "Unconstrained build operations Thread 27" [_thread_blocked, id=244, stack(0x0000000025f50000,0x0000000026050000)]
  0x000000001bb4a000 JavaThread "Unconstrained build operations Thread 26" [_thread_blocked, id=7004, stack(0x0000000025e50000,0x0000000025f50000)]
  0x000000001bb50000 JavaThread "Unconstrained build operations Thread 25" [_thread_blocked, id=7200, stack(0x0000000025d50000,0x0000000025e50000)]
  0x000000001bb51000 JavaThread "Unconstrained build operations Thread 24" [_thread_blocked, id=15212, stack(0x0000000025c50000,0x0000000025d50000)]
  0x000000001bb4f800 JavaThread "Unconstrained build operations Thread 23" [_thread_blocked, id=8772, stack(0x0000000025b50000,0x0000000025c50000)]
  0x000000001bb4e800 JavaThread "Unconstrained build operations Thread 22" [_thread_blocked, id=10728, stack(0x0000000025a50000,0x0000000025b50000)]
  0x000000001bb4b000 JavaThread "Unconstrained build operations Thread 21" [_thread_blocked, id=7808, stack(0x0000000025950000,0x0000000025a50000)]
  0x000000001bb47000 JavaThread "Unconstrained build operations Thread 20" [_thread_blocked, id=11404, stack(0x0000000025850000,0x0000000025950000)]
  0x000000001bb4e000 JavaThread "Unconstrained build operations Thread 19" [_thread_in_Java, id=8012, stack(0x0000000025750000,0x0000000025850000)]
  0x000000001bb49800 JavaThread "Unconstrained build operations Thread 18" [_thread_blocked, id=1348, stack(0x0000000025650000,0x0000000025750000)]
  0x000000001bb48800 JavaThread "Unconstrained build operations Thread 17" [_thread_blocked, id=13684, stack(0x0000000025550000,0x0000000025650000)]
  0x000000001bb4d000 JavaThread "Unconstrained build operations Thread 16" [_thread_blocked, id=11224, stack(0x0000000025450000,0x0000000025550000)]
  0x000000001bb48000 JavaThread "Unconstrained build operations Thread 15" [_thread_blocked, id=1892, stack(0x0000000025350000,0x0000000025450000)]
  0x000000001bb4b800 JavaThread "Unconstrained build operations Thread 14" [_thread_blocked, id=6820, stack(0x0000000025250000,0x0000000025350000)]
  0x000000001bb4c800 JavaThread "Unconstrained build operations Thread 13" [_thread_blocked, id=4264, stack(0x0000000025150000,0x0000000025250000)]
  0x000000001be5a800 JavaThread "Unconstrained build operations Thread 12" [_thread_blocked, id=2192, stack(0x0000000025050000,0x0000000025150000)]
  0x000000001be5b800 JavaThread "Unconstrained build operations Thread 11" [_thread_in_Java, id=10368, stack(0x0000000024f50000,0x0000000025050000)]
  0x000000001be5f000 JavaThread "Unconstrained build operations Thread 10" [_thread_blocked, id=11164, stack(0x0000000024e50000,0x0000000024f50000)]
  0x000000001be59000 JavaThread "Unconstrained build operations Thread 9" [_thread_blocked, id=1664, stack(0x0000000024d50000,0x0000000024e50000)]
  0x000000001be5e800 JavaThread "Unconstrained build operations Thread 8" [_thread_blocked, id=10380, stack(0x0000000024c50000,0x0000000024d50000)]
  0x000000001be58800 JavaThread "Unconstrained build operations Thread 7" [_thread_in_Java, id=4428, stack(0x0000000024b50000,0x0000000024c50000)]
  0x000000001be5d000 JavaThread "Unconstrained build operations Thread 6" [_thread_blocked, id=14500, stack(0x0000000024a50000,0x0000000024b50000)]
  0x000000001be5c000 JavaThread "Unconstrained build operations Thread 5" [_thread_blocked, id=14720, stack(0x0000000024950000,0x0000000024a50000)]
  0x000000001be5a000 JavaThread "Unconstrained build operations Thread 4" [_thread_blocked, id=3180, stack(0x0000000024850000,0x0000000024950000)]
  0x000000001be5d800 JavaThread "Unconstrained build operations Thread 3" [_thread_blocked, id=14936, stack(0x0000000024750000,0x0000000024850000)]
  0x000000001be50800 JavaThread "Unconstrained build operations Thread 2" [_thread_blocked, id=7352, stack(0x0000000024650000,0x0000000024750000)]
  0x000000001be57800 JavaThread "Unconstrained build operations" [_thread_blocked, id=10392, stack(0x0000000024080000,0x0000000024180000)]
  0x000000001be54800 JavaThread "Cache worker for Build Output Cleanup Cache (E:\T3H\Music\.gradle\buildOutputCleanup)" [_thread_blocked, id=14912, stack(0x0000000023f80000,0x0000000024080000)]
  0x000000001be54000 JavaThread "jar transforms Thread 3" [_thread_blocked, id=216, stack(0x0000000023910000,0x0000000023a10000)]
  0x000000001be53000 JavaThread "Cache worker for dependencies-accessors (E:\T3H\Music\.gradle\7.2\dependencies-accessors)" [_thread_blocked, id=10084, stack(0x0000000023c80000,0x0000000023d80000)]
  0x000000001be50000 JavaThread "jar transforms Thread 2" [_thread_blocked, id=8860, stack(0x0000000023810000,0x0000000023910000)]
  0x000000001be52000 JavaThread "Cache worker for file content cache (C:\Users\PC\.gradle\caches\7.2\fileContent)" [_thread_blocked, id=11372, stack(0x0000000023710000,0x0000000023810000)]
  0x000000001be55800 JavaThread "jar transforms" [_thread_blocked, id=6944, stack(0x0000000023410000,0x0000000023510000)]
  0x000000001c01d800 JavaThread "Cache worker for execution history cache (C:\Users\PC\.gradle\caches\7.2\executionHistory)" [_thread_blocked, id=12660, stack(0x0000000022f10000,0x0000000023010000)]
  0x000000001c01c800 JavaThread "Cache worker for cache directory md-rule (C:\Users\PC\.gradle\caches\7.2\md-rule)" [_thread_blocked, id=7540, stack(0x0000000022c10000,0x0000000022d10000)]
  0x000000001c01c000 JavaThread "Cache worker for cache directory md-supplier (C:\Users\PC\.gradle\caches\7.2\md-supplier)" [_thread_blocked, id=14232, stack(0x0000000022b10000,0x0000000022c10000)]
  0x000000001c01a800 JavaThread "Cache worker for checksums cache (E:\T3H\Music\.gradle\checksums)" [_thread_blocked, id=13936, stack(0x0000000022a10000,0x0000000022b10000)]
  0x000000001c019000 JavaThread "File watcher consumer" daemon [_thread_blocked, id=2204, stack(0x0000000022710000,0x0000000022810000)]
  0x000000001c017800 JavaThread "File watcher server" daemon [_thread_in_native, id=11384, stack(0x0000000021570000,0x0000000021670000)]
  0x000000001c018000 JavaThread "Cache worker for file hash cache (E:\T3H\Music\.gradle\7.2\fileHashes)" [_thread_blocked, id=3212, stack(0x00000000211d0000,0x00000000212d0000)]
  0x000000001c01b000 JavaThread "Cache worker for file hash cache (C:\Users\PC\.gradle\caches\7.2\fileHashes)" [_thread_blocked, id=6348, stack(0x000000001edc0000,0x000000001eec0000)]
  0x000000001c019800 JavaThread "File lock request listener" [_thread_in_native, id=10532, stack(0x000000001ef30000,0x000000001f030000)]
  0x000000001c016800 JavaThread "Cache worker for journal cache (C:\Users\PC\.gradle\caches\journal-1)" [_thread_blocked, id=8412, stack(0x000000001ecc0000,0x000000001edc0000)]
  0x000000001b4df000 JavaThread "Daemon client event forwarder" [_thread_blocked, id=2512, stack(0x000000001e9c0000,0x000000001eac0000)]
  0x000000001b4de800 JavaThread "Stdin handler" [_thread_blocked, id=7220, stack(0x000000001e8c0000,0x000000001e9c0000)]
  0x000000001b4db800 JavaThread "Asynchronous log dispatcher for DefaultDaemonConnection: socket connection from /127.0.0.1:56433 to /127.0.0.1:56436" [_thread_blocked, id=9884, stack(0x000000001e6c0000,0x000000001e7c0000)]
  0x000000001b4d9800 JavaThread "Daemon worker" [_thread_blocked, id=1276, stack(0x000000001e5c0000,0x000000001e6c0000)]
  0x000000001b4d9000 JavaThread "Cancel handler" [_thread_blocked, id=14416, stack(0x000000001e4c0000,0x000000001e5c0000)]
  0x000000001b1c4800 JavaThread "Handler for socket connection from /127.0.0.1:56433 to /127.0.0.1:56436" [_thread_in_native, id=12096, stack(0x000000001e3c0000,0x000000001e4c0000)]
  0x000000001b1c1000 JavaThread "Daemon" [_thread_blocked, id=5136, stack(0x000000001e2c0000,0x000000001e3c0000)]
  0x000000001cd0a000 JavaThread "Daemon periodic checks" [_thread_blocked, id=9300, stack(0x000000001dfc0000,0x000000001e0c0000)]
  0x000000001ccf6800 JavaThread "Incoming local TCP Connector on port 56433" [_thread_in_native, id=7552, stack(0x000000001dd80000,0x000000001de80000)]
  0x000000001cb6d000 JavaThread "Daemon health stats" [_thread_blocked, id=14432, stack(0x000000001c750000,0x000000001c850000)]
  0x000000001a148800 JavaThread "Service Thread" daemon [_thread_blocked, id=14984, stack(0x000000001ad80000,0x000000001ae80000)]
  0x000000001a0c4000 JavaThread "C1 CompilerThread3" daemon [_thread_blocked, id=15140, stack(0x000000001ac80000,0x000000001ad80000)]
  0x000000001a0bd800 JavaThread "C2 CompilerThread2" daemon [_thread_in_native, id=11652, stack(0x000000001ab80000,0x000000001ac80000)]
=>0x000000001a0b5800 JavaThread "C2 CompilerThread1" daemon [_thread_in_native, id=15272, stack(0x000000001aa80000,0x000000001ab80000)]
  0x000000001a0b2000 JavaThread "C2 CompilerThread0" daemon [_thread_in_native, id=15076, stack(0x000000001a980000,0x000000001aa80000)]
  0x000000001a0b0000 JavaThread "Attach Listener" daemon [_thread_blocked, id=15308, stack(0x000000001a880000,0x000000001a980000)]
  0x000000001a0af000 JavaThread "Signal Dispatcher" daemon [_thread_blocked, id=14944, stack(0x000000001a780000,0x000000001a880000)]
  0x000000001a0a1000 JavaThread "Finalizer" daemon [_thread_blocked, id=8208, stack(0x000000001a580000,0x000000001a680000)]
  0x000000001a0a0800 JavaThread "Reference Handler" daemon [_thread_blocked, id=15092, stack(0x000000001a480000,0x000000001a580000)]
  0x0000000003132800 JavaThread "main" [_thread_blocked, id=12624, stack(0x0000000002fc0000,0x00000000030c0000)]

Other Threads:
  0x0000000018299800 VMThread [stack: 0x0000000019f80000,0x000000001a080000] [id=14804]
  0x000000001a16a000 WatcherThread [stack: 0x000000001ae80000,0x000000001af80000] [id=5028]

VM state:not at safepoint (normal execution)

VM Mutex/Monitor currently owned by a thread: None

OutOfMemory and StackOverflow Exception counts:
OutOfMemoryError java_heap_errors=2

heap address: 0x0000000080000000, size: 2048 MB, Compressed Oops mode: 32-bit
Narrow klass base: 0x0000000000000000, Narrow klass shift: 3
Compressed class space size: 1073741824 Address: 0x0000000100000000

Heap:
 PSYoungGen      total 653824K, used 120508K [0x00000000d5580000, 0x0000000100000000, 0x0000000100000000)
  eden space 608768K, 17% used [0x00000000d5580000,0x00000000dbef9238,0x00000000fa800000)
  from space 45056K, 27% used [0x00000000fa800000,0x00000000fb435e08,0x00000000fd400000)
  to   space 42496K, 0% used [0x00000000fd680000,0x00000000fd680000,0x0000000100000000)
 ParOldGen       total 235008K, used 177028K [0x0000000080000000, 0x000000008e580000, 0x00000000d5580000)
  object space 235008K, 75% used [0x0000000080000000,0x000000008ace1128,0x000000008e580000)
 Metaspace       used 89299K, capacity 94623K, committed 96768K, reserved 1132544K
  class space    used 12373K, capacity 13288K, committed 13824K, reserved 1048576K

Card table byte_map: [0x00000000125f0000,0x0000000012a00000] byte_map_base: 0x00000000121f0000

Marking Bits: (ParMarkBitMap*) 0x0000000063e36d90
 Begin Bits: [0x00000000134b0000, 0x00000000154b0000)
 End Bits:   [0x00000000154b0000, 0x00000000174b0000)

Polling page: 0x0000000001730000

CodeCache: size=245760Kb used=46082Kb max_used=46082Kb free=199677Kb
 bounds [0x0000000003230000, 0x0000000005f70000, 0x0000000012230000]
 total_blobs=14623 nmethods=13760 adapters=772
 compilation: enabled

Compilation events (10 events):
Event: 62.173 Thread 0x000000001a0c4000 16808       2       com.android.tools.r8.s.b.T0::b (10 bytes)
Event: 62.174 Thread 0x000000001a0c4000 nmethod 16808 0x00000000054ecf50 code [0x00000000054ed0c0, 0x00000000054ed288]
Event: 62.174 Thread 0x000000001a0c4000 16809       2       com.android.tools.r8.code.I2::<init> (7 bytes)
Event: 62.174 Thread 0x000000001a0c4000 nmethod 16809 0x00000000054ecbd0 code [0x00000000054ecd40, 0x00000000054ecea8]
Event: 62.211 Thread 0x000000001a0c4000 16810       2       com.android.tools.r8.s.a.i.a::a (291 bytes)
Event: 62.214 Thread 0x000000001a0c4000 nmethod 16810 0x00000000056d28d0 code [0x00000000056d2be0, 0x00000000056d3608]
Event: 62.214 Thread 0x000000001a0c4000 16811       2       com.android.tools.r8.t.a.a.a.f.k0::d (97 bytes)
Event: 62.223 Thread 0x000000001a0c4000 nmethod 16811 0x00000000054ec090 code [0x00000000054ec260, 0x00000000054ec7d8]
Event: 62.223 Thread 0x000000001a0c4000 16812       1       com.android.tools.r8.s.b.a1::N2 (2 bytes)
Event: 62.224 Thread 0x000000001a0c4000 nmethod 16812 0x00000000054ebdd0 code [0x00000000054ebf20, 0x00000000054ec030]

GC Heap History (10 events):
Event: 54.087 GC heap before
{Heap before GC invocations=29 (full 4):
 PSYoungGen      total 610304K, used 581449K [0x00000000d5580000, 0x00000000fcf80000, 0x0000000100000000)
  eden space 573440K, 100% used [0x00000000d5580000,0x00000000f8580000,0x00000000f8580000)
  from space 36864K, 21% used [0x00000000fab80000,0x00000000fb3527f0,0x00000000fcf80000)
  to   space 37888K, 0% used [0x00000000f8580000,0x00000000f8580000,0x00000000faa80000)
 ParOldGen       total 235008K, used 112539K [0x0000000080000000, 0x000000008e580000, 0x00000000d5580000)
  object space 235008K, 47% used [0x0000000080000000,0x0000000086de6f68,0x000000008e580000)
 Metaspace       used 89130K, capacity 94471K, committed 96512K, reserved 1132544K
  class space    used 12369K, capacity 13286K, committed 13824K, reserved 1048576K
Event: 54.191 GC heap after
Heap after GC invocations=29 (full 4):
 PSYoungGen      total 611328K, used 16779K [0x00000000d5580000, 0x00000000ffe00000, 0x0000000100000000)
  eden space 573440K, 0% used [0x00000000d5580000,0x00000000d5580000,0x00000000f8580000)
  from space 37888K, 44% used [0x00000000f8580000,0x00000000f95e2f28,0x00000000faa80000)
  to   space 36352K, 0% used [0x00000000fda80000,0x00000000fda80000,0x00000000ffe00000)
 ParOldGen       total 235008K, used 117554K [0x0000000080000000, 0x000000008e580000, 0x00000000d5580000)
  object space 235008K, 50% used [0x0000000080000000,0x00000000872cc9b8,0x000000008e580000)
 Metaspace       used 89130K, capacity 94471K, committed 96512K, reserved 1132544K
  class space    used 12369K, capacity 13286K, committed 13824K, reserved 1048576K
}
Event: 56.910 GC heap before
{Heap before GC invocations=30 (full 4):
 PSYoungGen      total 611328K, used 590219K [0x00000000d5580000, 0x00000000ffe00000, 0x0000000100000000)
  eden space 573440K, 100% used [0x00000000d5580000,0x00000000f8580000,0x00000000f8580000)
  from space 37888K, 44% used [0x00000000f8580000,0x00000000f95e2f28,0x00000000faa80000)
  to   space 36352K, 0% used [0x00000000fda80000,0x00000000fda80000,0x00000000ffe00000)
 ParOldGen       total 235008K, used 117554K [0x0000000080000000, 0x000000008e580000, 0x00000000d5580000)
  object space 235008K, 50% used [0x0000000080000000,0x00000000872cc9b8,0x000000008e580000)
 Metaspace       used 89174K, capacity 94477K, committed 96512K, reserved 1132544K
  class space    used 12370K, capacity 13287K, committed 13824K, reserved 1048576K
Event: 56.953 GC heap after
Heap after GC invocations=30 (full 4):
 PSYoungGen      total 660480K, used 5184K [0x00000000d5580000, 0x00000000ffd80000, 0x0000000100000000)
  eden space 624640K, 0% used [0x00000000d5580000,0x00000000d5580000,0x00000000fb780000)
  from space 35840K, 14% used [0x00000000fda80000,0x00000000fdf90000,0x00000000ffd80000)
  to   space 35840K, 0% used [0x00000000fb780000,0x00000000fb780000,0x00000000fda80000)
 ParOldGen       total 235008K, used 130833K [0x0000000080000000, 0x000000008e580000, 0x00000000d5580000)
  object space 235008K, 55% used [0x0000000080000000,0x0000000087fc47b8,0x000000008e580000)
 Metaspace       used 89174K, capacity 94477K, committed 96512K, reserved 1132544K
  class space    used 12370K, capacity 13287K, committed 13824K, reserved 1048576K
}
Event: 59.682 GC heap before
{Heap before GC invocations=31 (full 4):
 PSYoungGen      total 660480K, used 629824K [0x00000000d5580000, 0x00000000ffd80000, 0x0000000100000000)
  eden space 624640K, 100% used [0x00000000d5580000,0x00000000fb780000,0x00000000fb780000)
  from space 35840K, 14% used [0x00000000fda80000,0x00000000fdf90000,0x00000000ffd80000)
  to   space 35840K, 0% used [0x00000000fb780000,0x00000000fb780000,0x00000000fda80000)
 ParOldGen       total 235008K, used 130833K [0x0000000080000000, 0x000000008e580000, 0x00000000d5580000)
  object space 235008K, 55% used [0x0000000080000000,0x0000000087fc47b8,0x000000008e580000)
 Metaspace       used 89234K, capacity 94553K, committed 96768K, reserved 1132544K
  class space    used 12371K, capacity 13287K, committed 13824K, reserved 1048576K
Event: 59.709 GC heap after
Heap after GC invocations=31 (full 4):
 PSYoungGen      total 660480K, used 14761K [0x00000000d5580000, 0x00000000ffd00000, 0x0000000100000000)
  eden space 624640K, 0% used [0x00000000d5580000,0x00000000d5580000,0x00000000fb780000)
  from space 35840K, 41% used [0x00000000fb780000,0x00000000fc5ea730,0x00000000fda80000)
  to   space 34304K, 0% used [0x00000000fdb80000,0x00000000fdb80000,0x00000000ffd00000)
 ParOldGen       total 235008K, used 134055K [0x0000000080000000, 0x000000008e580000, 0x00000000d5580000)
  object space 235008K, 57% used [0x0000000080000000,0x00000000882e9c58,0x000000008e580000)
 Metaspace       used 89234K, capacity 94553K, committed 96768K, reserved 1132544K
  class space    used 12371K, capacity 13287K, committed 13824K, reserved 1048576K
}
Event: 60.660 GC heap before
{Heap before GC invocations=32 (full 4):
 PSYoungGen      total 660480K, used 639401K [0x00000000d5580000, 0x00000000ffd00000, 0x0000000100000000)
  eden space 624640K, 100% used [0x00000000d5580000,0x00000000fb780000,0x00000000fb780000)
  from space 35840K, 41% used [0x00000000fb780000,0x00000000fc5ea730,0x00000000fda80000)
  to   space 34304K, 0% used [0x00000000fdb80000,0x00000000fdb80000,0x00000000ffd00000)
 ParOldGen       total 235008K, used 134055K [0x0000000080000000, 0x000000008e580000, 0x00000000d5580000)
  object space 235008K, 57% used [0x0000000080000000,0x00000000882e9c58,0x000000008e580000)
 Metaspace       used 89274K, capacity 94617K, committed 96768K, reserved 1132544K
  class space    used 12371K, capacity 13287K, committed 13824K, reserved 1048576K
Event: 60.736 GC heap after
Heap after GC invocations=32 (full 4):
 PSYoungGen      total 643072K, used 34279K [0x00000000d5580000, 0x0000000100000000, 0x0000000100000000)
  eden space 608768K, 0% used [0x00000000d5580000,0x00000000d5580000,0x00000000fa800000)
  from space 34304K, 99% used [0x00000000fdb80000,0x00000000ffcf9d38,0x00000000ffd00000)
  to   space 45056K, 0% used [0x00000000fa800000,0x00000000fa800000,0x00000000fd400000)
 ParOldGen       total 235008K, used 147500K [0x0000000080000000, 0x000000008e580000, 0x00000000d5580000)
  object space 235008K, 62% used [0x0000000080000000,0x000000008900b0f8,0x000000008e580000)
 Metaspace       used 89274K, capacity 94617K, committed 96768K, reserved 1132544K
  class space    used 12371K, capacity 13287K, committed 13824K, reserved 1048576K
}
Event: 61.947 GC heap before
{Heap before GC invocations=33 (full 4):
 PSYoungGen      total 643072K, used 643047K [0x00000000d5580000, 0x0000000100000000, 0x0000000100000000)
  eden space 608768K, 100% used [0x00000000d5580000,0x00000000fa800000,0x00000000fa800000)
  from space 34304K, 99% used [0x00000000fdb80000,0x00000000ffcf9d38,0x00000000ffd00000)
  to   space 45056K, 0% used [0x00000000fa800000,0x00000000fa800000,0x00000000fd400000)
 ParOldGen       total 235008K, used 147500K [0x0000000080000000, 0x000000008e580000, 0x00000000d5580000)
  object space 235008K, 62% used [0x0000000080000000,0x000000008900b0f8,0x000000008e580000)
 Metaspace       used 89296K, capacity 94623K, committed 96768K, reserved 1132544K
  class space    used 12373K, capacity 13288K, committed 13824K, reserved 1048576K
Event: 62.000 GC heap after
Heap after GC invocations=33 (full 4):
 PSYoungGen      total 653824K, used 12503K [0x00000000d5580000, 0x0000000100000000, 0x0000000100000000)
  eden space 608768K, 0% used [0x00000000d5580000,0x00000000d5580000,0x00000000fa800000)
  from space 45056K, 27% used [0x00000000fa800000,0x00000000fb435e08,0x00000000fd400000)
  to   space 42496K, 0% used [0x00000000fd680000,0x00000000fd680000,0x0000000100000000)
 ParOldGen       total 235008K, used 177028K [0x0000000080000000, 0x000000008e580000, 0x00000000d5580000)
  object space 235008K, 75% used [0x0000000080000000,0x000000008ace1128,0x000000008e580000)
 Metaspace       used 89296K, capacity 94623K, committed 96768K, reserved 1132544K
  class space    used 12373K, capacity 13288K, committed 13824K, reserved 1048576K
}

Deoptimization events (10 events):
Event: 60.590 Thread 0x000000001be58800 Uncommon trap: reason=class_check action=maybe_recompile pc=0x00000000052c6ae0 method=com.android.tools.r8.s.a.h.e.b(Lcom/android/tools/r8/s/b/k0;)V @ 244
Event: 60.624 Thread 0x000000001be5b800 Uncommon trap: reason=class_check action=maybe_recompile pc=0x0000000005107f6c method=java.util.Collections$SetFromMap.add(Ljava/lang/Object;)Z @ 8
Event: 60.624 Thread 0x000000001be5b800 Uncommon trap: reason=class_check action=maybe_recompile pc=0x0000000005107f6c method=java.util.Collections$SetFromMap.add(Ljava/lang/Object;)Z @ 8
Event: 60.748 Thread 0x000000001be58800 Uncommon trap: reason=class_check action=maybe_recompile pc=0x00000000052c6ae0 method=com.android.tools.r8.s.a.h.e.b(Lcom/android/tools/r8/s/b/k0;)V @ 244
Event: 60.873 Thread 0x000000001a0a1000 Uncommon trap: reason=unstable_if action=reinterpret pc=0x0000000004bcaa78 method=java.util.WeakHashMap.expungeStaleEntries()V @ 53
Event: 60.917 Thread 0x000000001be58800 Uncommon trap: reason=class_check action=maybe_recompile pc=0x000000000546e678 method=com.android.tools.r8.ir.conversion.o.a(Lcom/android/tools/r8/ir/conversion/N;IZ)V @ 628
Event: 61.057 Thread 0x000000001be58800 Uncommon trap: reason=class_check action=maybe_recompile pc=0x000000000546e678 method=com.android.tools.r8.ir.conversion.o.a(Lcom/android/tools/r8/ir/conversion/N;IZ)V @ 628
Event: 61.285 Thread 0x000000001be58800 Uncommon trap: reason=unstable_if action=reinterpret pc=0x0000000005e07148 method=com.android.tools.r8.ir.optimize.a0.a(Lcom/android/tools/r8/s/b/X;Lcom/android/tools/r8/ir/regalloc/e;I)V @ 665
Event: 61.307 Thread 0x000000001be58800 Uncommon trap: reason=class_check action=maybe_recompile pc=0x000000000546e678 method=com.android.tools.r8.ir.conversion.o.a(Lcom/android/tools/r8/ir/conversion/N;IZ)V @ 628
Event: 61.761 Thread 0x000000001be58800 Uncommon trap: reason=unstable_if action=reinterpret pc=0x0000000004fc4dc0 method=com.android.tools.r8.t.a.a.a.f.G0.a(I)Z @ 74

Classes redefined (0 events):
No events

Internal exceptions (10 events):
Event: 60.317 Thread 0x000000001b431800 Exception <a 'sun/nio/fs/WindowsException'> (0x00000000e99451a0) thrown at [C:\re\workspace\8-2-build-windows-amd64-cygwin\jdk8u231\13620\hotspot\src\share\vm\prims\jni.cpp, line 710]
Event: 60.341 Thread 0x000000001d0af000 Exception <a 'sun/nio/fs/WindowsException'> (0x00000000eab726d8) thrown at [C:\re\workspace\8-2-build-windows-amd64-cygwin\jdk8u231\13620\hotspot\src\share\vm\prims\jni.cpp, line 710]
Event: 60.430 Thread 0x000000001bb51000 Exception <a 'sun/nio/fs/WindowsException'> (0x00000000ef61dfe8) thrown at [C:\re\workspace\8-2-build-windows-amd64-cygwin\jdk8u231\13620\hotspot\src\share\vm\prims\jni.cpp, line 710]
Event: 60.464 Thread 0x000000001d0af000 Exception <a 'sun/nio/fs/WindowsException'> (0x00000000f0d02d68) thrown at [C:\re\workspace\8-2-build-windows-amd64-cygwin\jdk8u231\13620\hotspot\src\share\vm\prims\jni.cpp, line 710]
Event: 60.481 Thread 0x000000001b434800 Exception <a 'sun/nio/fs/WindowsException'> (0x00000000f1a0ac70) thrown at [C:\re\workspace\8-2-build-windows-amd64-cygwin\jdk8u231\13620\hotspot\src\share\vm\prims\jni.cpp, line 710]
Event: 60.915 Thread 0x000000001bb4b800 Exception <a 'sun/nio/fs/WindowsException'> (0x00000000dc4f8330) thrown at [C:\re\workspace\8-2-build-windows-amd64-cygwin\jdk8u231\13620\hotspot\src\share\vm\prims\jni.cpp, line 710]
Event: 61.639 Thread 0x000000001d0b2800 Exception <a 'sun/nio/fs/WindowsException'> (0x00000000eec37780) thrown at [C:\re\workspace\8-2-build-windows-amd64-cygwin\jdk8u231\13620\hotspot\src\share\vm\prims\jni.cpp, line 710]
Event: 61.726 Thread 0x000000001bb4e000 Exception <a 'sun/nio/fs/WindowsException'> (0x00000000f19ea7c8) thrown at [C:\re\workspace\8-2-build-windows-amd64-cygwin\jdk8u231\13620\hotspot\src\share\vm\prims\jni.cpp, line 710]
Event: 61.734 Thread 0x000000001bb48800 Exception <a 'sun/nio/fs/WindowsException'> (0x00000000f1f169a0) thrown at [C:\re\workspace\8-2-build-windows-amd64-cygwin\jdk8u231\13620\hotspot\src\share\vm\prims\jni.cpp, line 710]
Event: 61.843 Thread 0x000000001bb48800 Exception <a 'sun/nio/fs/WindowsException'> (0x00000000f66adfd0) thrown at [C:\re\workspace\8-2-build-windows-amd64-cygwin\jdk8u231\13620\hotspot\src\share\vm\prims\jni.cpp, line 710]

Events (10 events):
Event: 62.134 Thread 0x000000001be5b800 DEOPT PACKING pc=0x00000000055f7a66 sp=0x0000000025049240
Event: 62.134 Thread 0x000000001be5b800 DEOPT UNPACKING pc=0x0000000003277890 sp=0x0000000025049100 mode 0
Event: 62.137 Thread 0x000000001be58800 DEOPT PACKING pc=0x0000000003922ab1 sp=0x0000000024c49820
Event: 62.137 Thread 0x000000001be58800 DEOPT UNPACKING pc=0x0000000003277890 sp=0x0000000024c49548 mode 0
Event: 62.176 Thread 0x000000001be58800 DEOPT PACKING pc=0x00000000055f7a66 sp=0x0000000024c49070
Event: 62.176 Thread 0x000000001be58800 DEOPT UNPACKING pc=0x0000000003277890 sp=0x0000000024c48f30 mode 0
Event: 62.182 Thread 0x000000001be5b800 DEOPT PACKING pc=0x0000000003922ab1 sp=0x0000000025049a30
Event: 62.182 Thread 0x000000001be5b800 DEOPT UNPACKING pc=0x0000000003277890 sp=0x0000000025049758 mode 0
Event: 62.202 Thread 0x000000001b434800 DEOPT PACKING pc=0x0000000005e54d68 sp=0x0000000029449840
Event: 62.202 Thread 0x000000001b434800 DEOPT UNPACKING pc=0x0000000003277890 sp=0x0000000029449970 mode 0


Dynamic libraries:
0x00007ff621cb0000 - 0x00007ff621ce7000 	C:\Program Files\Java\jdk1.8.0_231\bin\java.exe
0x00007ffdb4730000 - 0x00007ffdb4928000 	C:\WINDOWS\SYSTEM32\ntdll.dll
0x00007ffdb2ce0000 - 0x00007ffdb2d9f000 	C:\WINDOWS\System32\KERNEL32.DLL
0x00007ffdb2490000 - 0x00007ffdb2762000 	C:\WINDOWS\System32\KERNELBASE.dll
0x00007ffdb35f0000 - 0x00007ffdb369e000 	C:\WINDOWS\System32\ADVAPI32.dll
0x00007ffdb29d0000 - 0x00007ffdb2a6e000 	C:\WINDOWS\System32\msvcrt.dll
0x00007ffdb2930000 - 0x00007ffdb29cc000 	C:\WINDOWS\System32\sechost.dll
0x00007ffdb2a70000 - 0x00007ffdb2b95000 	C:\WINDOWS\System32\RPCRT4.dll
0x00007ffdb2770000 - 0x00007ffdb2911000 	C:\WINDOWS\System32\USER32.dll
0x00007ffdb2310000 - 0x00007ffdb2332000 	C:\WINDOWS\System32\win32u.dll
0x00007ffdb3880000 - 0x00007ffdb38ab000 	C:\WINDOWS\System32\GDI32.dll
0x00007ffdb21b0000 - 0x00007ffdb22bf000 	C:\WINDOWS\System32\gdi32full.dll
0x00007ffdb1eb0000 - 0x00007ffdb1f4d000 	C:\WINDOWS\System32\msvcp_win.dll
0x00007ffdb20b0000 - 0x00007ffdb21b0000 	C:\WINDOWS\System32\ucrtbase.dll
0x00007ffda30f0000 - 0x00007ffda338a000 	C:\WINDOWS\WinSxS\amd64_microsoft.windows.common-controls_6595b64144ccf1df_6.0.19041.1110_none_60b5254171f9507e\COMCTL32.dll
0x00007ffdb38b0000 - 0x00007ffdb38e2000 	C:\WINDOWS\System32\IMM32.DLL
0x0000000063ec0000 - 0x0000000063f92000 	C:\Program Files\Java\jdk1.8.0_231\jre\bin\msvcr100.dll
0x0000000063610000 - 0x0000000063eb6000 	C:\Program Files\Java\jdk1.8.0_231\jre\bin\server\jvm.dll
0x00007ffdb3710000 - 0x00007ffdb3718000 	C:\WINDOWS\System32\PSAPI.DLL
0x00007ffdaf390000 - 0x00007ffdaf399000 	C:\WINDOWS\SYSTEM32\WSOCK32.dll
0x00007ffdb2da0000 - 0x00007ffdb2e0b000 	C:\WINDOWS\System32\WS2_32.dll
0x00007ffda7aa0000 - 0x00007ffda7ac7000 	C:\WINDOWS\SYSTEM32\WINMM.dll
0x00007ffda9ea0000 - 0x00007ffda9eaa000 	C:\WINDOWS\SYSTEM32\VERSION.dll
0x00007ffda56c0000 - 0x00007ffda56cf000 	C:\Program Files\Java\jdk1.8.0_231\jre\bin\verify.dll
0x00007ffd86ed0000 - 0x00007ffd86ef9000 	C:\Program Files\Java\jdk1.8.0_231\jre\bin\java.dll
0x00007ffd96960000 - 0x00007ffd96976000 	C:\Program Files\Java\jdk1.8.0_231\jre\bin\zip.dll
0x00007ffdb2e10000 - 0x00007ffdb3555000 	C:\WINDOWS\System32\SHELL32.dll
0x00007ffdafee0000 - 0x00007ffdb0672000 	C:\WINDOWS\SYSTEM32\windows.storage.dll
0x00007ffdb3d10000 - 0x00007ffdb4065000 	C:\WINDOWS\System32\combase.dll
0x00007ffdb1880000 - 0x00007ffdb18b0000 	C:\WINDOWS\SYSTEM32\Wldp.dll
0x00007ffdb37d0000 - 0x00007ffdb387d000 	C:\WINDOWS\System32\SHCORE.dll
0x00007ffdb3b00000 - 0x00007ffdb3b55000 	C:\WINDOWS\System32\shlwapi.dll
0x00007ffdb1d60000 - 0x00007ffdb1d7f000 	C:\WINDOWS\SYSTEM32\profapi.dll
0x00007ffd96170000 - 0x00007ffd9618a000 	C:\Program Files\Java\jdk1.8.0_231\jre\bin\net.dll
0x00007ffdb15e0000 - 0x00007ffdb164a000 	C:\WINDOWS\system32\mswsock.dll
0x00007ffd95b70000 - 0x00007ffd95b82000 	C:\Program Files\Java\jdk1.8.0_231\jre\bin\nio.dll
0x00007ffd88860000 - 0x00007ffd88887000 	C:\Users\PC\.gradle\native\e1d6ef7f7dcc3fd88c89a11ec53ec762bb8ba0a96d01ffa2cd45eb1d1d8dd5c5\windows-amd64\native-platform.dll
0x00007ffd725f0000 - 0x00007ffd72734000 	C:\Users\PC\.gradle\native\5664cfc778a61ccfe75a443a1ab52a65af34e5dc3c78e0209fed803814484fcb\windows-amd64\native-platform-file-events.dll
0x00007ffda55c0000 - 0x00007ffda55cd000 	C:\Program Files\Java\jdk1.8.0_231\jre\bin\management.dll
0x00007ffdb17d0000 - 0x00007ffdb17e8000 	C:\WINDOWS\SYSTEM32\CRYPTSP.dll
0x00007ffdb0e90000 - 0x00007ffdb0ec4000 	C:\WINDOWS\system32\rsaenh.dll
0x00007ffdb23b0000 - 0x00007ffdb23d7000 	C:\WINDOWS\System32\bcrypt.dll
0x00007ffdb1d20000 - 0x00007ffdb1d4e000 	C:\WINDOWS\SYSTEM32\USERENV.dll
0x00007ffdb1e20000 - 0x00007ffdb1ea2000 	C:\WINDOWS\System32\bcryptprimitives.dll
0x00007ffdb17f0000 - 0x00007ffdb17fc000 	C:\WINDOWS\SYSTEM32\CRYPTBASE.dll
0x00007ffdb1280000 - 0x00007ffdb12bb000 	C:\WINDOWS\SYSTEM32\IPHLPAPI.DLL
0x00007ffdb2920000 - 0x00007ffdb2928000 	C:\WINDOWS\System32\NSI.dll
0x00007ffdaa0a0000 - 0x00007ffdaa0b7000 	C:\WINDOWS\SYSTEM32\dhcpcsvc6.DLL
0x00007ffdaaf80000 - 0x00007ffdaaf9d000 	C:\WINDOWS\SYSTEM32\dhcpcsvc.DLL
0x00007ffdb12d0000 - 0x00007ffdb139b000 	C:\WINDOWS\SYSTEM32\DNSAPI.dll
0x00007ffd95ad0000 - 0x00007ffd95ae7000 	C:\WINDOWS\system32\napinsp.dll
0x00007ffd95280000 - 0x00007ffd9529b000 	C:\WINDOWS\system32\pnrpnsp.dll
0x00007ffd94a80000 - 0x00007ffd94a95000 	C:\WINDOWS\system32\wshbth.dll
0x00007ffdaf2e0000 - 0x00007ffdaf2fd000 	C:\WINDOWS\system32\NLAapi.dll
0x00007ffd92a60000 - 0x00007ffd92a72000 	C:\WINDOWS\System32\winrnr.dll
0x00007ffda22b0000 - 0x00007ffda22ba000 	C:\Windows\System32\rasadhlp.dll
0x00007ffda2aa0000 - 0x00007ffda2b20000 	C:\WINDOWS\System32\fwpuclnt.dll

VM Arguments:
jvm_args: -Xmx2048m -Dfile.encoding=UTF-8 -Duser.country=US -Duser.language=en -Duser.variant 
java_command: org.gradle.launcher.daemon.bootstrap.GradleDaemon 7.2
java_class_path (initial): C:\Users\PC\.gradle\wrapper\dists\gradle-7.2-bin\2dnblmf4td7x66yl1d74lt32g\gradle-7.2\lib\gradle-launcher-7.2.jar
Launcher Type: SUN_STANDARD

Environment Variables:
JAVA_HOME=C:\Program Files\Java\jdk1.8.0_231
PATH=C:\Program Files (x86)\Common Files\Oracle\Java\javapath;C:\Program Files\Common Files\Oracle\Java\javapath;C:\Program Files (x86)\Python38-32\Scripts\;C:\Program Files (x86)\Python38-32\;C:\ProgramData\Oracle\Java\javapath;C:\WINDOWS\system32;C:\WINDOWS;C:\WINDOWS\System32\Wbem;C:\WINDOWS\System32\WindowsPowerShell\v1.0\;C:\WINDOWS\System32\OpenSSH\;C:\Program Files\Java\jdk-14.0.1\bin;C:\Program Files\Microsoft SQL Server\120\Tools\Binn\;C:\Program Files\Microsoft SQL Server\Client SDK\ODBC\110\Tools\Binn\;C:\Program Files (x86)\Microsoft SQL Server\120\Tools\Binn\;C:\Program Files\Microsoft SQL Server\120\DTS\Binn\;C:\Program Files (x86)\Microsoft SQL Server\120\Tools\Binn\ManagementStudio\;C:\Program Files (x86)\Microsoft SQL Server\120\DTS\Binn\;C:\Program Files\Microsoft SQL Server\130\Tools\Binn\;C:\Program Files\Microsoft SQL Server\Client SDK\ODBC\170\Tools\Binn\;C:\Program Files\dotnet\;C:\Program Files\Microsoft SQL Server\150\Tools\Binn\;D:\IJ\apache-maven-3.8.6-bin\apache-maven-3.8.6\bin;C:\Program Files\Git\cmd;C:\Program Files\Java\jdk1.8.0_231\bin;C:\Users\PC\AppData\Local\Microsoft\WindowsApps;%CLion%;C:\Users\PC\AppData\Local\Programs\Microsoft VS Code\bin;C:\Users\PC\AppData\Local\GitHubDesktop\bin;C:\Users\PC\.dotnet\tools;C:\Program Files\JetBrains\IntelliJ IDEA 2019.3.1\bin;;%IntelliJ IDEA Community Edition%
USERNAME=PC
OS=Windows_NT
PROCESSOR_IDENTIFIER=Intel64 Family 6 Model 60 Stepping 3, GenuineIntel



---------------  S Y S T E M  ---------------

OS: Windows 10.0 , 64 bit Build 19041 (10.0.19041.2546)

CPU:total 8 (initial active 8) (4 cores per cpu, 2 threads per core) family 6 model 60 stepping 3, cmov, cx8, fxsr, mmx, sse, sse2, sse3, ssse3, sse4.1, sse4.2, popcnt, avx, avx2, aes, clmul, erms, lzcnt, ht, tsc, tscinvbit, bmi1, bmi2

Memory: 4k page, physical 8291580k(409488k free), swap 13411580k(5032k free)

vm_info: Java HotSpot(TM) 64-Bit Server VM (25.231-b11) for windows-amd64 JRE (1.8.0_231-b11), built on Oct  5 2019 03:11:30 by "java_re" with MS VC++ 10.0 (VS2010)

time: Sun Feb 26 15:38:01 2023
timezone: SE Asia Standard Time
elapsed time: 62 seconds (0d 0h 1m 2s)

